62.4916722185
1       [1]                 1.0
10      [1]                 0.0
1       [1]                 1.0
16      [1]                 0.0
1       [1]                 1.0
1       [1]                 1.0
1       [1]                 1.0
1       [1]                 1.0
9       [1]                 0.0
1       [1]                 1.0
1       [1]                 1.0
16      [1]                 0.0
1       [1]                 1.0
1       [1]                 1.0
1       [1]                 1.0
16      [1]                 0.0
16      [1]                 0.0
1       [1]                 1.0
16      [1]                 0.0
7       [1]                 0.0
16      [1]                 0.0
8       [1]                 0.0
1       [1]                 1.0
1       [1]                 1.0
7       [1]                 0.0
7       [1]                 0.0
5       [1]                 0.0
1       [1]                 1.0
1       [1]                 1.0
20      [1]                 0.0
16      [1]                 0.0
9       [1]                 0.0
16      [1]                 0.0
10      [1]                 0.0
1       [1]                 1.0
1       [1]                 1.0
1       [1]                 1.0
1       [1]                 1.0
16      [1]                 0.0
7       [1]                 0.0
1       [1]                 1.0
1       [1]                 1.0
5       [1]                 0.0
7       [1]                 0.0
1       [1]                 1.0
1       [1]                 1.0
14      [1]                 0.0
14      [1]                 0.0
14      [1]                 0.0
13      [1]                 0.0
Traceback (most recent call last):
  File "looped_Bayes_sjb2198.py", line 27, in <module>
    mylen = Train.shape[0]
NameError: name 'Train' is not defined
78.4452923951
